<?xml version="1.0" encoding="UTF-8"?>
<!-- Generated by org.testng.reporters.JUnitReportReporter -->
<testsuite hostname="MBLT642" failures="0" tests="1" name="test.WV_MDmaintest" time="93.459" errors="0" timestamp="2024-02-29T09:30:06 IST" skipped="0">
  <testcase classname="test.WV_MDmaintest" name="stateLicenseFlow" time="93.459"/>
  <system-out/>
</testsuite> <!-- test.WV_MDmaintest -->
